[0m00:09:05.555617 [debug] [MainThread]: Sending event: {'category': 'dbt', 'action': 'invocation', 'label': 'start', 'context': [<snowplow_tracker.self_describing_json.SelfDescribingJson object at 0x78620bb65180>, <snowplow_tracker.self_describing_json.SelfDescribingJson object at 0x78620a341360>, <snowplow_tracker.self_describing_json.SelfDescribingJson object at 0x78620a341300>]}


============================== 00:09:05.558152 | e1bc6e56-09aa-4993-8369-6dcf1e61400c ==============================
[0m00:09:05.558152 [info ] [MainThread]: Running with dbt=1.8.9
[0m00:09:05.558727 [debug] [MainThread]: running dbt with arguments {'printer_width': '80', 'indirect_selection': 'eager', 'log_cache_events': 'False', 'write_json': 'True', 'partial_parse': 'True', 'cache_selected_only': 'False', 'profiles_dir': '/home/etm/.dbt', 'version_check': 'True', 'warn_error': 'None', 'log_path': 'logs', 'fail_fast': 'False', 'debug': 'False', 'use_colors': 'True', 'use_experimental_parser': 'False', 'empty': 'None', 'quiet': 'False', 'no_print': 'None', 'log_format': 'default', 'introspect': 'True', 'warn_error_options': 'WarnErrorOptions(include=[], exclude=[])', 'invocation_command': 'dbt init', 'target_path': 'None', 'static_parser': 'True', 'send_anonymous_usage_stats': 'True'}
[0m00:09:11.748738 [debug] [MainThread]: Starter project path: /home/etm/dev/airflow_pipeline/dbt_venv/lib/python3.10/site-packages/dbt/include/starter_project
[0m00:09:11.752425 [info ] [MainThread]: 
Your new dbt project "data_pipeline" was created!

For more information on how to configure the profiles.yml file,
please consult the dbt documentation here:

  https://docs.getdbt.com/docs/configure-your-profile

One more thing:

Need help? Don't hesitate to reach out to us via GitHub issues or on Slack:

  https://community.getdbt.com/

Happy modeling!

[0m00:09:11.753027 [info ] [MainThread]: Setting up your profile.
[0m00:09:48.453718 [info ] [MainThread]: Profile data_pipeline written to /home/etm/.dbt/profiles.yml using target's profile_template.yml and your supplied values. Run 'dbt debug' to validate the connection.
[0m00:09:48.455305 [debug] [MainThread]: Resource report: {"command_name": "init", "command_success": true, "command_wall_clock_time": 42.947575, "process_in_blocks": "0", "process_kernel_time": 0.140103, "process_mem_max_rss": "107824", "process_out_blocks": "80", "process_user_time": 1.471085}
[0m00:09:48.456217 [debug] [MainThread]: Command `dbt init` succeeded at 00:09:48.456075 after 42.95 seconds
[0m00:09:48.456864 [debug] [MainThread]: Sending event: {'category': 'dbt', 'action': 'invocation', 'label': 'end', 'context': [<snowplow_tracker.self_describing_json.SelfDescribingJson object at 0x78620bb65180>, <snowplow_tracker.self_describing_json.SelfDescribingJson object at 0x78620a3412d0>, <snowplow_tracker.self_describing_json.SelfDescribingJson object at 0x78620a341b40>]}
[0m00:09:48.457502 [debug] [MainThread]: Flushing usage events
